2014-12-22T08:52:58-08:00
Script name: /luxcal323-calendar/rssfeed.php
MySQL error: You have an error in your SQL syntax; check the manual that corresponds to your MySQL server version for the right syntax to use near '/_settings' at line 1
Query string: SELECT name, value FROM [db]settings

2014-12-23T07:37:40-08:00
Script name: /luxcal323-calendar/rssfeed.php
MySQL error: You have an error in your SQL syntax; check the manual that corresponds to your MySQL server version for the right syntax to use near '/_settings' at line 1
Query string: SELECT name, value FROM [db]settings

2014-12-25T07:05:09-08:00
Script name: /luxcal323-calendar/rssfeed.php
MySQL error: You have an error in your SQL syntax; check the manual that corresponds to your MySQL server version for the right syntax to use near '/_settings' at line 1
Query string: SELECT name, value FROM [db]settings

2014-12-26T07:33:53-08:00
Script name: /luxcal323-calendar/rssfeed.php
MySQL error: You have an error in your SQL syntax; check the manual that corresponds to your MySQL server version for the right syntax to use near '/_settings' at line 1
Query string: SELECT name, value FROM [db]settings

2014-12-28T08:09:45-08:00
Script name: /luxcal323-calendar/rssfeed.php
MySQL error: You have an error in your SQL syntax; check the manual that corresponds to your MySQL server version for the right syntax to use near '/_settings' at line 1
Query string: SELECT name, value FROM [db]settings

2014-12-30T06:34:28-08:00
Script name: /luxcal323-calendar/rssfeed.php
MySQL error: You have an error in your SQL syntax; check the manual that corresponds to your MySQL server version for the right syntax to use near '/_settings' at line 1
Query string: SELECT name, value FROM [db]settings

2015-01-03T07:05:04-08:00
Script name: /luxcal323-calendar/rssfeed.php
MySQL error: You have an error in your SQL syntax; check the manual that corresponds to your MySQL server version for the right syntax to use near '/_settings' at line 1
Query string: SELECT name, value FROM [db]settings

2015-01-04T13:15:58-08:00
Script name: /luxcal323-calendar/rssfeed.php
MySQL error: You have an error in your SQL syntax; check the manual that corresponds to your MySQL server version for the right syntax to use near '/_settings' at line 1
Query string: SELECT name, value FROM [db]settings

2015-01-08T06:23:47-08:00
Script name: /luxcal323-calendar/rssfeed.php
MySQL error: You have an error in your SQL syntax; check the manual that corresponds to your MySQL server version for the right syntax to use near '/_settings' at line 1
Query string: SELECT name, value FROM [db]settings

2015-01-09T06:23:45-08:00
Script name: /luxcal323-calendar/rssfeed.php
MySQL error: You have an error in your SQL syntax; check the manual that corresponds to your MySQL server version for the right syntax to use near '/_settings' at line 1
Query string: SELECT name, value FROM [db]settings

2015-01-12T06:41:22-08:00
Script name: /luxcal323-calendar/rssfeed.php
MySQL error: You have an error in your SQL syntax; check the manual that corresponds to your MySQL server version for the right syntax to use near '/_settings' at line 1
Query string: SELECT name, value FROM [db]settings

2015-01-13T07:02:13-08:00
Script name: /luxcal323-calendar/rssfeed.php
MySQL error: You have an error in your SQL syntax; check the manual that corresponds to your MySQL server version for the right syntax to use near '/_settings' at line 1
Query string: SELECT name, value FROM [db]settings

2015-01-15T06:49:44-08:00
Script name: /luxcal323-calendar/rssfeed.php
MySQL error: You have an error in your SQL syntax; check the manual that corresponds to your MySQL server version for the right syntax to use near '/_settings' at line 1
Query string: SELECT name, value FROM [db]settings

2015-01-16T06:39:50-08:00
Script name: /luxcal323-calendar/rssfeed.php
MySQL error: You have an error in your SQL syntax; check the manual that corresponds to your MySQL server version for the right syntax to use near '/_settings' at line 1
Query string: SELECT name, value FROM [db]settings

2015-01-19T07:08:22-08:00
Script name: /luxcal323-calendar/rssfeed.php
MySQL error: You have an error in your SQL syntax; check the manual that corresponds to your MySQL server version for the right syntax to use near '/_settings' at line 1
Query string: SELECT name, value FROM [db]settings

2015-01-20T07:02:27-08:00
Script name: /luxcal323-calendar/rssfeed.php
MySQL error: You have an error in your SQL syntax; check the manual that corresponds to your MySQL server version for the right syntax to use near '/_settings' at line 1
Query string: SELECT name, value FROM [db]settings

2015-01-22T07:18:13-08:00
Script name: /luxcal323-calendar/rssfeed.php
MySQL error: You have an error in your SQL syntax; check the manual that corresponds to your MySQL server version for the right syntax to use near '/_settings' at line 1
Query string: SELECT name, value FROM [db]settings

2015-01-24T18:51:04-08:00
Script name: /luxcal323-calendar/rssfeed.php
MySQL error: You have an error in your SQL syntax; check the manual that corresponds to your MySQL server version for the right syntax to use near '/_settings' at line 1
Query string: SELECT name, value FROM [db]settings

2015-01-25T18:29:24-08:00
Script name: /luxcal323-calendar/rssfeed.php
MySQL error: You have an error in your SQL syntax; check the manual that corresponds to your MySQL server version for the right syntax to use near '/_settings' at line 1
Query string: SELECT name, value FROM [db]settings

2015-01-29T07:09:03-08:00
Script name: /luxcal323-calendar/rssfeed.php
MySQL error: You have an error in your SQL syntax; check the manual that corresponds to your MySQL server version for the right syntax to use near '/_settings' at line 1
Query string: SELECT name, value FROM [db]settings

2015-02-01T20:45:59-08:00
Script name: /luxcal323-calendar/rssfeed.php
MySQL error: You have an error in your SQL syntax; check the manual that corresponds to your MySQL server version for the right syntax to use near '/_settings' at line 1
Query string: SELECT name, value FROM [db]settings

2015-02-02T07:29:40-08:00
Script name: /luxcal323-calendar/rssfeed.php
MySQL error: You have an error in your SQL syntax; check the manual that corresponds to your MySQL server version for the right syntax to use near '/_settings' at line 1
Query string: SELECT name, value FROM [db]settings

2015-02-03T06:52:10-08:00
Script name: /luxcal323-calendar/rssfeed.php
MySQL error: You have an error in your SQL syntax; check the manual that corresponds to your MySQL server version for the right syntax to use near '/_settings' at line 1
Query string: SELECT name, value FROM [db]settings

2015-02-04T06:44:53-08:00
Script name: /luxcal323-calendar/rssfeed.php
MySQL error: You have an error in your SQL syntax; check the manual that corresponds to your MySQL server version for the right syntax to use near '/_settings' at line 1
Query string: SELECT name, value FROM [db]settings

2015-02-07T05:00:03-08:00
Script name: /luxcal323-calendar/rssfeed.php
MySQL error: You have an error in your SQL syntax; check the manual that corresponds to your MySQL server version for the right syntax to use near '/_settings' at line 1
Query string: SELECT name, value FROM [db]settings

2015-02-09T06:51:34-08:00
Script name: /luxcal323-calendar/rssfeed.php
MySQL error: You have an error in your SQL syntax; check the manual that corresponds to your MySQL server version for the right syntax to use near '/_settings' at line 1
Query string: SELECT name, value FROM [db]settings

2015-02-10T06:29:25-08:00
Script name: /luxcal323-calendar/rssfeed.php
MySQL error: You have an error in your SQL syntax; check the manual that corresponds to your MySQL server version for the right syntax to use near '/_settings' at line 1
Query string: SELECT name, value FROM [db]settings

2015-02-15T06:09:34-08:00
Script name: /luxcal323-calendar/rssfeed.php
MySQL error: You have an error in your SQL syntax; check the manual that corresponds to your MySQL server version for the right syntax to use near '/_settings' at line 1
Query string: SELECT name, value FROM [db]settings

2015-02-15T09:04:06-08:00
Script name: /luxcal323-calendar/rssfeed.php
MySQL error: You have an error in your SQL syntax; check the manual that corresponds to your MySQL server version for the right syntax to use near '/_settings' at line 1
Query string: SELECT name, value FROM [db]settings

2015-02-16T06:50:41-08:00
Script name: /luxcal323-calendar/rssfeed.php
MySQL error: You have an error in your SQL syntax; check the manual that corresponds to your MySQL server version for the right syntax to use near '/_settings' at line 1
Query string: SELECT name, value FROM [db]settings

2015-02-18T06:47:31-08:00
Script name: /luxcal323-calendar/rssfeed.php
MySQL error: You have an error in your SQL syntax; check the manual that corresponds to your MySQL server version for the right syntax to use near '/_settings' at line 1
Query string: SELECT name, value FROM [db]settings

2015-02-20T06:25:30-08:00
Script name: /luxcal323-calendar/rssfeed.php
MySQL error: You have an error in your SQL syntax; check the manual that corresponds to your MySQL server version for the right syntax to use near '/_settings' at line 1
Query string: SELECT name, value FROM [db]settings

2015-02-20T08:48:39-08:00
Script name: /luxcal323-calendar/rssfeed.php
MySQL error: You have an error in your SQL syntax; check the manual that corresponds to your MySQL server version for the right syntax to use near '/_settings' at line 1
Query string: SELECT name, value FROM [db]settings

2015-02-24T06:25:26-08:00
Script name: /luxcal323-calendar/rssfeed.php
MySQL error: You have an error in your SQL syntax; check the manual that corresponds to your MySQL server version for the right syntax to use near '/_settings' at line 1
Query string: SELECT name, value FROM [db]settings

2015-02-26T06:49:49-08:00
Script name: /luxcal323-calendar/rssfeed.php
MySQL error: You have an error in your SQL syntax; check the manual that corresponds to your MySQL server version for the right syntax to use near '/_settings' at line 1
Query string: SELECT name, value FROM [db]settings

2015-02-27T20:35:36-08:00
Script name: /luxcal323-calendar/rssfeed.php
MySQL error: You have an error in your SQL syntax; check the manual that corresponds to your MySQL server version for the right syntax to use near '/_settings' at line 1
Query string: SELECT name, value FROM [db]settings

2015-03-03T07:13:00-08:00
Script name: /luxcal323-calendar/rssfeed.php
MySQL error: You have an error in your SQL syntax; check the manual that corresponds to your MySQL server version for the right syntax to use near '/_settings' at line 1
Query string: SELECT name, value FROM [db]settings

2015-03-04T06:54:11-08:00
Script name: /luxcal323-calendar/rssfeed.php
MySQL error: You have an error in your SQL syntax; check the manual that corresponds to your MySQL server version for the right syntax to use near '/_settings' at line 1
Query string: SELECT name, value FROM [db]settings

2015-03-05T06:29:38-08:00
Script name: /luxcal323-calendar/rssfeed.php
MySQL error: You have an error in your SQL syntax; check the manual that corresponds to your MySQL server version for the right syntax to use near '/_settings' at line 1
Query string: SELECT name, value FROM [db]settings

2015-03-07T10:49:20-08:00
Script name: /luxcal323-calendar/rssfeed.php
MySQL error: You have an error in your SQL syntax; check the manual that corresponds to your MySQL server version for the right syntax to use near '/_settings' at line 1
Query string: SELECT name, value FROM [db]settings

2015-03-08T07:35:07-07:00
Script name: /luxcal323-calendar/rssfeed.php
MySQL error: You have an error in your SQL syntax; check the manual that corresponds to your MySQL server version for the right syntax to use near '/_settings' at line 1
Query string: SELECT name, value FROM [db]settings

2015-03-11T21:53:43-07:00
Script name: /luxcal323-calendar/rssfeed.php
MySQL error: You have an error in your SQL syntax; check the manual that corresponds to your MySQL server version for the right syntax to use near '/_settings' at line 1
Query string: SELECT name, value FROM [db]settings

2015-03-13T07:36:00-07:00
Script name: /luxcal323-calendar/rssfeed.php
MySQL error: You have an error in your SQL syntax; check the manual that corresponds to your MySQL server version for the right syntax to use near '/_settings' at line 1
Query string: SELECT name, value FROM [db]settings

2015-03-14T08:09:23-07:00
Script name: /luxcal323-calendar/rssfeed.php
MySQL error: You have an error in your SQL syntax; check the manual that corresponds to your MySQL server version for the right syntax to use near '/_settings' at line 1
Query string: SELECT name, value FROM [db]settings

2015-03-15T07:10:47-07:00
Script name: /luxcal323-calendar/rssfeed.php
MySQL error: You have an error in your SQL syntax; check the manual that corresponds to your MySQL server version for the right syntax to use near '/_settings' at line 1
Query string: SELECT name, value FROM [db]settings

2015-03-16T07:37:02-07:00
Script name: /luxcal323-calendar/rssfeed.php
MySQL error: You have an error in your SQL syntax; check the manual that corresponds to your MySQL server version for the right syntax to use near '/_settings' at line 1
Query string: SELECT name, value FROM [db]settings

2015-03-17T08:00:45-07:00
Script name: /luxcal323-calendar/rssfeed.php
MySQL error: You have an error in your SQL syntax; check the manual that corresponds to your MySQL server version for the right syntax to use near '/_settings' at line 1
Query string: SELECT name, value FROM [db]settings

2015-03-17T17:31:33-07:00
Script name: /luxcal323-calendar/rssfeed.php
MySQL error: You have an error in your SQL syntax; check the manual that corresponds to your MySQL server version for the right syntax to use near '://www.lighthousecovenantintl.org/projects.html_settings' at line 1
Query string: SELECT name, value FROM [db]settings

2015-03-18T08:59:22-07:00
Script name: /luxcal323-calendar/rssfeed.php
MySQL error: You have an error in your SQL syntax; check the manual that corresponds to your MySQL server version for the right syntax to use near '/_settings' at line 1
Query string: SELECT name, value FROM [db]settings

2015-03-19T08:20:14-07:00
Script name: /luxcal323-calendar/rssfeed.php
MySQL error: You have an error in your SQL syntax; check the manual that corresponds to your MySQL server version for the right syntax to use near '/_settings' at line 1
Query string: SELECT name, value FROM [db]settings

2015-03-20T08:16:24-07:00
Script name: /luxcal323-calendar/rssfeed.php
MySQL error: You have an error in your SQL syntax; check the manual that corresponds to your MySQL server version for the right syntax to use near '/_settings' at line 1
Query string: SELECT name, value FROM [db]settings

2015-03-21T06:46:17-07:00
Script name: /luxcal323-calendar/rssfeed.php
MySQL error: You have an error in your SQL syntax; check the manual that corresponds to your MySQL server version for the right syntax to use near '/_settings' at line 1
Query string: SELECT name, value FROM [db]settings

2015-03-21T15:54:15-07:00
Script name: /luxcal323-calendar/rssfeed.php
MySQL error: You have an error in your SQL syntax; check the manual that corresponds to your MySQL server version for the right syntax to use near '/_settings' at line 1
Query string: SELECT name, value FROM [db]settings

2015-03-23T08:10:38-07:00
Script name: /luxcal323-calendar/rssfeed.php
MySQL error: You have an error in your SQL syntax; check the manual that corresponds to your MySQL server version for the right syntax to use near '/_settings' at line 1
Query string: SELECT name, value FROM [db]settings

2015-03-24T07:16:53-07:00
Script name: /luxcal323-calendar/rssfeed.php
MySQL error: You have an error in your SQL syntax; check the manual that corresponds to your MySQL server version for the right syntax to use near '/_settings' at line 1
Query string: SELECT name, value FROM [db]settings

2015-03-24T20:40:18-07:00
Script name: /luxcal323-calendar/rssfeed.php
MySQL error: You have an error in your SQL syntax; check the manual that corresponds to your MySQL server version for the right syntax to use near '/_settings' at line 1
Query string: SELECT name, value FROM [db]settings

2015-03-25T07:25:49-07:00
Script name: /luxcal323-calendar/rssfeed.php
MySQL error: You have an error in your SQL syntax; check the manual that corresponds to your MySQL server version for the right syntax to use near '/_settings' at line 1
Query string: SELECT name, value FROM [db]settings

2015-03-26T08:11:53-07:00
Script name: /luxcal323-calendar/rssfeed.php
MySQL error: You have an error in your SQL syntax; check the manual that corresponds to your MySQL server version for the right syntax to use near '/_settings' at line 1
Query string: SELECT name, value FROM [db]settings

2015-03-26T17:24:24-07:00
Script name: /luxcal323-calendar/rssfeed.php
MySQL error: You have an error in your SQL syntax; check the manual that corresponds to your MySQL server version for the right syntax to use near '/_settings' at line 1
Query string: SELECT name, value FROM [db]settings

2015-03-27T07:42:30-07:00
Script name: /luxcal323-calendar/rssfeed.php
MySQL error: You have an error in your SQL syntax; check the manual that corresponds to your MySQL server version for the right syntax to use near '/_settings' at line 1
Query string: SELECT name, value FROM [db]settings

2015-03-29T09:53:44-07:00
Script name: /luxcal323-calendar/rssfeed.php
MySQL error: You have an error in your SQL syntax; check the manual that corresponds to your MySQL server version for the right syntax to use near '/_settings' at line 1
Query string: SELECT name, value FROM [db]settings

2015-03-29T16:49:16-07:00
Script name: /luxcal323-calendar/rssfeed.php
MySQL error: You have an error in your SQL syntax; check the manual that corresponds to your MySQL server version for the right syntax to use near '/_settings' at line 1
Query string: SELECT name, value FROM [db]settings

2015-03-30T07:20:22-07:00
Script name: /luxcal323-calendar/rssfeed.php
MySQL error: You have an error in your SQL syntax; check the manual that corresponds to your MySQL server version for the right syntax to use near '/_settings' at line 1
Query string: SELECT name, value FROM [db]settings

2015-03-31T07:13:01-07:00
Script name: /luxcal323-calendar/rssfeed.php
MySQL error: You have an error in your SQL syntax; check the manual that corresponds to your MySQL server version for the right syntax to use near '/_settings' at line 1
Query string: SELECT name, value FROM [db]settings

2015-04-01T07:26:20-07:00
Script name: /luxcal323-calendar/rssfeed.php
MySQL error: You have an error in your SQL syntax; check the manual that corresponds to your MySQL server version for the right syntax to use near '/_settings' at line 1
Query string: SELECT name, value FROM [db]settings

2015-04-02T07:16:21-07:00
Script name: /luxcal323-calendar/rssfeed.php
MySQL error: You have an error in your SQL syntax; check the manual that corresponds to your MySQL server version for the right syntax to use near '/_settings' at line 1
Query string: SELECT name, value FROM [db]settings

2015-04-03T18:34:45-07:00
Script name: /luxcal323-calendar/rssfeed.php
MySQL error: You have an error in your SQL syntax; check the manual that corresponds to your MySQL server version for the right syntax to use near '/_settings' at line 1
Query string: SELECT name, value FROM [db]settings

2015-04-04T18:12:18-07:00
Script name: /luxcal323-calendar/rssfeed.php
MySQL error: You have an error in your SQL syntax; check the manual that corresponds to your MySQL server version for the right syntax to use near '/_settings' at line 1
Query string: SELECT name, value FROM [db]settings

2015-04-05T08:28:10-07:00
Script name: /luxcal323-calendar/rssfeed.php
MySQL error: You have an error in your SQL syntax; check the manual that corresponds to your MySQL server version for the right syntax to use near '/_settings' at line 1
Query string: SELECT name, value FROM [db]settings

2015-04-06T08:09:38-07:00
Script name: /luxcal323-calendar/rssfeed.php
MySQL error: You have an error in your SQL syntax; check the manual that corresponds to your MySQL server version for the right syntax to use near '/_settings' at line 1
Query string: SELECT name, value FROM [db]settings

2015-04-07T06:53:05-07:00
Script name: /luxcal323-calendar/rssfeed.php
MySQL error: You have an error in your SQL syntax; check the manual that corresponds to your MySQL server version for the right syntax to use near '/_settings' at line 1
Query string: SELECT name, value FROM [db]settings

2015-04-08T07:29:15-07:00
Script name: /luxcal323-calendar/rssfeed.php
MySQL error: You have an error in your SQL syntax; check the manual that corresponds to your MySQL server version for the right syntax to use near '/_settings' at line 1
Query string: SELECT name, value FROM [db]settings

2015-04-08T20:15:10-07:00
Script name: /luxcal323-calendar/rssfeed.php
MySQL error: You have an error in your SQL syntax; check the manual that corresponds to your MySQL server version for the right syntax to use near '/_settings' at line 1
Query string: SELECT name, value FROM [db]settings

2015-04-09T07:19:22-07:00
Script name: /luxcal323-calendar/rssfeed.php
MySQL error: You have an error in your SQL syntax; check the manual that corresponds to your MySQL server version for the right syntax to use near '/_settings' at line 1
Query string: SELECT name, value FROM [db]settings

2015-04-09T09:46:31-07:00
Script name: /luxcal323-calendar/rssfeed.php
MySQL error: You have an error in your SQL syntax; check the manual that corresponds to your MySQL server version for the right syntax to use near '/_settings' at line 1
Query string: SELECT name, value FROM [db]settings

2015-04-09T10:58:26-07:00
Script name: /luxcal323-calendar/rssfeed.php
MySQL error: You have an error in your SQL syntax; check the manual that corresponds to your MySQL server version for the right syntax to use near '/_settings' at line 1
Query string: SELECT name, value FROM [db]settings

2015-04-10T07:14:56-07:00
Script name: /luxcal323-calendar/rssfeed.php
MySQL error: You have an error in your SQL syntax; check the manual that corresponds to your MySQL server version for the right syntax to use near '/_settings' at line 1
Query string: SELECT name, value FROM [db]settings

2015-04-11T07:24:28-07:00
Script name: /luxcal323-calendar/rssfeed.php
MySQL error: You have an error in your SQL syntax; check the manual that corresponds to your MySQL server version for the right syntax to use near '/_settings' at line 1
Query string: SELECT name, value FROM [db]settings

2015-04-12T07:18:33-07:00
Script name: /luxcal323-calendar/rssfeed.php
MySQL error: You have an error in your SQL syntax; check the manual that corresponds to your MySQL server version for the right syntax to use near '/_settings' at line 1
Query string: SELECT name, value FROM [db]settings

2015-04-12T20:10:13-07:00
Script name: /luxcal323-calendar/rssfeed.php
MySQL error: You have an error in your SQL syntax; check the manual that corresponds to your MySQL server version for the right syntax to use near '/_settings' at line 1
Query string: SELECT name, value FROM [db]settings

2015-04-13T07:57:54-07:00
Script name: /luxcal323-calendar/rssfeed.php
MySQL error: You have an error in your SQL syntax; check the manual that corresponds to your MySQL server version for the right syntax to use near '/_settings' at line 1
Query string: SELECT name, value FROM [db]settings

2015-04-14T17:10:35-07:00
Script name: /luxcal323-calendar/rssfeed.php
MySQL error: You have an error in your SQL syntax; check the manual that corresponds to your MySQL server version for the right syntax to use near 'and 1=1_settings' at line 1
Query string: SELECT name, value FROM [db]settings

2015-04-14T17:10:35-07:00
Script name: /luxcal323-calendar/rssfeed.php
MySQL error: You have an error in your SQL syntax; check the manual that corresponds to your MySQL server version for the right syntax to use near 'and 1=2_settings' at line 1
Query string: SELECT name, value FROM [db]settings

2015-04-14T17:10:40-07:00
Script name: /luxcal323-calendar/rssfeed.php
MySQL error: You have an error in your SQL syntax; check the manual that corresponds to your MySQL server version for the right syntax to use near ''_settings' at line 1
Query string: SELECT name, value FROM [db]settings

2015-04-21T16:16:22-07:00
Script name: /luxcal323-calendar/rssfeed.php
MySQL error: You have an error in your SQL syntax; check the manual that corresponds to your MySQL server version for the right syntax to use near '/_settings' at line 1
Query string: SELECT name, value FROM [db]settings

2015-04-21T16:16:23-07:00
Script name: /luxcal323-calendar/rssfeed.php
MySQL error: You have an error in your SQL syntax; check the manual that corresponds to your MySQL server version for the right syntax to use near '/_settings' at line 1
Query string: SELECT name, value FROM [db]settings

2015-04-22T07:29:49-07:00
Script name: /luxcal323-calendar/rssfeed.php
MySQL error: You have an error in your SQL syntax; check the manual that corresponds to your MySQL server version for the right syntax to use near '/_settings' at line 1
Query string: SELECT name, value FROM [db]settings

2015-04-23T07:37:41-07:00
Script name: /luxcal323-calendar/rssfeed.php
MySQL error: You have an error in your SQL syntax; check the manual that corresponds to your MySQL server version for the right syntax to use near '/_settings' at line 1
Query string: SELECT name, value FROM [db]settings

2015-04-24T07:37:21-07:00
Script name: /luxcal323-calendar/rssfeed.php
MySQL error: You have an error in your SQL syntax; check the manual that corresponds to your MySQL server version for the right syntax to use near '/_settings' at line 1
Query string: SELECT name, value FROM [db]settings

2015-04-25T07:06:55-07:00
Script name: /luxcal323-calendar/rssfeed.php
MySQL error: You have an error in your SQL syntax; check the manual that corresponds to your MySQL server version for the right syntax to use near '/_settings' at line 1
Query string: SELECT name, value FROM [db]settings

2015-04-27T08:20:51-07:00
Script name: /luxcal323-calendar/rssfeed.php
MySQL error: You have an error in your SQL syntax; check the manual that corresponds to your MySQL server version for the right syntax to use near '/_settings' at line 1
Query string: SELECT name, value FROM [db]settings

2015-04-28T07:29:24-07:00
Script name: /luxcal323-calendar/rssfeed.php
MySQL error: You have an error in your SQL syntax; check the manual that corresponds to your MySQL server version for the right syntax to use near '/_settings' at line 1
Query string: SELECT name, value FROM [db]settings

2015-04-29T07:24:29-07:00
Script name: /luxcal323-calendar/rssfeed.php
MySQL error: You have an error in your SQL syntax; check the manual that corresponds to your MySQL server version for the right syntax to use near '/_settings' at line 1
Query string: SELECT name, value FROM [db]settings

2015-04-29T07:50:06-07:00
Script name: /luxcal323-calendar/rssfeed.php
MySQL error: You have an error in your SQL syntax; check the manual that corresponds to your MySQL server version for the right syntax to use near '/_settings' at line 1
Query string: SELECT name, value FROM [db]settings

2015-04-30T07:16:39-07:00
Script name: /luxcal323-calendar/rssfeed.php
MySQL error: You have an error in your SQL syntax; check the manual that corresponds to your MySQL server version for the right syntax to use near '/_settings' at line 1
Query string: SELECT name, value FROM [db]settings

2015-05-01T06:05:12-07:00
Script name: /luxcal323-calendar/rssfeed.php
MySQL error: You have an error in your SQL syntax; check the manual that corresponds to your MySQL server version for the right syntax to use near '/_settings' at line 1
Query string: SELECT name, value FROM [db]settings

2015-05-02T07:35:50-07:00
Script name: /luxcal323-calendar/rssfeed.php
MySQL error: You have an error in your SQL syntax; check the manual that corresponds to your MySQL server version for the right syntax to use near '/_settings' at line 1
Query string: SELECT name, value FROM [db]settings

2015-05-02T21:48:59-07:00
Script name: /luxcal323-calendar/rssfeed.php
MySQL error: You have an error in your SQL syntax; check the manual that corresponds to your MySQL server version for the right syntax to use near '/_settings' at line 1
Query string: SELECT name, value FROM [db]settings

2015-05-03T07:34:46-07:00
Script name: /luxcal323-calendar/rssfeed.php
MySQL error: You have an error in your SQL syntax; check the manual that corresponds to your MySQL server version for the right syntax to use near '/_settings' at line 1
Query string: SELECT name, value FROM [db]settings

2015-05-04T07:35:31-07:00
Script name: /luxcal323-calendar/rssfeed.php
MySQL error: You have an error in your SQL syntax; check the manual that corresponds to your MySQL server version for the right syntax to use near '/_settings' at line 1
Query string: SELECT name, value FROM [db]settings

2015-05-05T07:27:39-07:00
Script name: /luxcal323-calendar/rssfeed.php
MySQL error: You have an error in your SQL syntax; check the manual that corresponds to your MySQL server version for the right syntax to use near '/_settings' at line 1
Query string: SELECT name, value FROM [db]settings

2015-05-06T08:24:41-07:00
Script name: /luxcal323-calendar/rssfeed.php
MySQL error: You have an error in your SQL syntax; check the manual that corresponds to your MySQL server version for the right syntax to use near '/_settings' at line 1
Query string: SELECT name, value FROM [db]settings

2015-05-07T06:38:52-07:00
Script name: /luxcal323-calendar/rssfeed.php
MySQL error: You have an error in your SQL syntax; check the manual that corresponds to your MySQL server version for the right syntax to use near '/_settings' at line 1
Query string: SELECT name, value FROM [db]settings

2015-05-07T19:56:52-07:00
Script name: /luxcal323-calendar/rssfeed.php
MySQL error: You have an error in your SQL syntax; check the manual that corresponds to your MySQL server version for the right syntax to use near '/_settings' at line 1
Query string: SELECT name, value FROM [db]settings

2015-05-08T07:19:50-07:00
Script name: /luxcal323-calendar/rssfeed.php
MySQL error: You have an error in your SQL syntax; check the manual that corresponds to your MySQL server version for the right syntax to use near '/_settings' at line 1
Query string: SELECT name, value FROM [db]settings

2015-05-10T07:48:17-07:00
Script name: /luxcal323-calendar/rssfeed.php
MySQL error: You have an error in your SQL syntax; check the manual that corresponds to your MySQL server version for the right syntax to use near '/_settings' at line 1
Query string: SELECT name, value FROM [db]settings

2015-05-11T07:22:22-07:00
Script name: /luxcal323-calendar/rssfeed.php
MySQL error: You have an error in your SQL syntax; check the manual that corresponds to your MySQL server version for the right syntax to use near '/_settings' at line 1
Query string: SELECT name, value FROM [db]settings

2015-05-11T21:43:41-07:00
Script name: /luxcal323-calendar/rssfeed.php
MySQL error: You have an error in your SQL syntax; check the manual that corresponds to your MySQL server version for the right syntax to use near '/_settings' at line 1
Query string: SELECT name, value FROM [db]settings

2015-05-12T07:47:08-07:00
Script name: /luxcal323-calendar/rssfeed.php
MySQL error: You have an error in your SQL syntax; check the manual that corresponds to your MySQL server version for the right syntax to use near '/_settings' at line 1
Query string: SELECT name, value FROM [db]settings

2015-05-13T07:54:38-07:00
Script name: /luxcal323-calendar/rssfeed.php
MySQL error: You have an error in your SQL syntax; check the manual that corresponds to your MySQL server version for the right syntax to use near '/_settings' at line 1
Query string: SELECT name, value FROM [db]settings

2015-05-20T10:18:31-07:00
Script name: /luxcal323-calendar/rssfeed.php
MySQL error: You have an error in your SQL syntax; check the manual that corresponds to your MySQL server version for the right syntax to use near '/_settings' at line 1
Query string: SELECT name, value FROM [db]settings

2015-05-20T14:51:38-07:00
Script name: /luxcal323-calendar/rssfeed.php
MySQL error: You have an error in your SQL syntax; check the manual that corresponds to your MySQL server version for the right syntax to use near '/_settings' at line 1
Query string: SELECT name, value FROM [db]settings

2015-05-21T07:54:12-07:00
Script name: /luxcal323-calendar/rssfeed.php
MySQL error: You have an error in your SQL syntax; check the manual that corresponds to your MySQL server version for the right syntax to use near '/_settings' at line 1
Query string: SELECT name, value FROM [db]settings

2015-05-22T07:45:15-07:00
Script name: /luxcal323-calendar/rssfeed.php
MySQL error: You have an error in your SQL syntax; check the manual that corresponds to your MySQL server version for the right syntax to use near '/_settings' at line 1
Query string: SELECT name, value FROM [db]settings

2015-05-23T08:07:33-07:00
Script name: /luxcal323-calendar/rssfeed.php
MySQL error: You have an error in your SQL syntax; check the manual that corresponds to your MySQL server version for the right syntax to use near '/_settings' at line 1
Query string: SELECT name, value FROM [db]settings

2015-05-23T19:05:35-07:00
Script name: /luxcal323-calendar/rssfeed.php
MySQL error: You have an error in your SQL syntax; check the manual that corresponds to your MySQL server version for the right syntax to use near '/_settings' at line 1
Query string: SELECT name, value FROM [db]settings

2015-05-25T20:31:48-07:00
Script name: /luxcal323-calendar/rssfeed.php
MySQL error: You have an error in your SQL syntax; check the manual that corresponds to your MySQL server version for the right syntax to use near '/_settings' at line 1
Query string: SELECT name, value FROM [db]settings

2015-05-26T14:24:26-07:00
Script name: /luxcal323-calendar/rssfeed.php
MySQL error: You have an error in your SQL syntax; check the manual that corresponds to your MySQL server version for the right syntax to use near '/_settings' at line 1
Query string: SELECT name, value FROM [db]settings

2015-05-27T07:23:42-07:00
Script name: /luxcal323-calendar/rssfeed.php
MySQL error: You have an error in your SQL syntax; check the manual that corresponds to your MySQL server version for the right syntax to use near '/_settings' at line 1
Query string: SELECT name, value FROM [db]settings

2015-06-02T08:31:50-07:00
Script name: /luxcal323-calendar/rssfeed.php
MySQL error: You have an error in your SQL syntax; check the manual that corresponds to your MySQL server version for the right syntax to use near '/_settings' at line 1
Query string: SELECT name, value FROM [db]settings

2015-06-03T07:37:32-07:00
Script name: /luxcal323-calendar/rssfeed.php
MySQL error: You have an error in your SQL syntax; check the manual that corresponds to your MySQL server version for the right syntax to use near '/_settings' at line 1
Query string: SELECT name, value FROM [db]settings

2015-06-04T07:43:21-07:00
Script name: /luxcal323-calendar/rssfeed.php
MySQL error: You have an error in your SQL syntax; check the manual that corresponds to your MySQL server version for the right syntax to use near '/_settings' at line 1
Query string: SELECT name, value FROM [db]settings

2015-06-05T07:01:33-07:00
Script name: /luxcal323-calendar/rssfeed.php
MySQL error: You have an error in your SQL syntax; check the manual that corresponds to your MySQL server version for the right syntax to use near '/_settings' at line 1
Query string: SELECT name, value FROM [db]settings

2015-06-06T07:08:32-07:00
Script name: /luxcal323-calendar/rssfeed.php
MySQL error: You have an error in your SQL syntax; check the manual that corresponds to your MySQL server version for the right syntax to use near '/_settings' at line 1
Query string: SELECT name, value FROM [db]settings

2015-06-07T06:53:24-07:00
Script name: /luxcal323-calendar/rssfeed.php
MySQL error: You have an error in your SQL syntax; check the manual that corresponds to your MySQL server version for the right syntax to use near '/_settings' at line 1
Query string: SELECT name, value FROM [db]settings

2015-06-08T21:28:04-07:00
Script name: /luxcal323-calendar/rssfeed.php
MySQL error: You have an error in your SQL syntax; check the manual that corresponds to your MySQL server version for the right syntax to use near '/_settings' at line 1
Query string: SELECT name, value FROM [db]settings

2015-06-09T06:16:58-07:00
Script name: /luxcal323-calendar/rssfeed.php
MySQL error: You have an error in your SQL syntax; check the manual that corresponds to your MySQL server version for the right syntax to use near '/_settings' at line 1
Query string: SELECT name, value FROM [db]settings

2015-06-09T20:27:08-07:00
Script name: /luxcal323-calendar/rssfeed.php
MySQL error: You have an error in your SQL syntax; check the manual that corresponds to your MySQL server version for the right syntax to use near '/_settings' at line 1
Query string: SELECT name, value FROM [db]settings

2015-06-10T06:19:44-07:00
Script name: /luxcal323-calendar/rssfeed.php
MySQL error: You have an error in your SQL syntax; check the manual that corresponds to your MySQL server version for the right syntax to use near '/_settings' at line 1
Query string: SELECT name, value FROM [db]settings

2015-06-11T08:21:00-07:00
Script name: /luxcal323-calendar/rssfeed.php
MySQL error: You have an error in your SQL syntax; check the manual that corresponds to your MySQL server version for the right syntax to use near '/_settings' at line 1
Query string: SELECT name, value FROM [db]settings

2015-06-12T08:35:11-07:00
Script name: /luxcal323-calendar/rssfeed.php
MySQL error: You have an error in your SQL syntax; check the manual that corresponds to your MySQL server version for the right syntax to use near '/_settings' at line 1
Query string: SELECT name, value FROM [db]settings

2015-06-15T06:53:04-07:00
Script name: /luxcal323-calendar/rssfeed.php
MySQL error: You have an error in your SQL syntax; check the manual that corresponds to your MySQL server version for the right syntax to use near '/_settings' at line 1
Query string: SELECT name, value FROM [db]settings

2015-06-16T06:56:42-07:00
Script name: /luxcal323-calendar/rssfeed.php
MySQL error: You have an error in your SQL syntax; check the manual that corresponds to your MySQL server version for the right syntax to use near '/_settings' at line 1
Query string: SELECT name, value FROM [db]settings

2015-06-16T15:00:28-07:00
Script name: /luxcal323-calendar/rssfeed.php
MySQL error: You have an error in your SQL syntax; check the manual that corresponds to your MySQL server version for the right syntax to use near '/_settings' at line 1
Query string: SELECT name, value FROM [db]settings

2015-06-17T15:01:42-07:00
Script name: /luxcal323-calendar/rssfeed.php
MySQL error: You have an error in your SQL syntax; check the manual that corresponds to your MySQL server version for the right syntax to use near '/_settings' at line 1
Query string: SELECT name, value FROM [db]settings

2015-06-18T07:03:52-07:00
Script name: /luxcal323-calendar/rssfeed.php
MySQL error: You have an error in your SQL syntax; check the manual that corresponds to your MySQL server version for the right syntax to use near '/_settings' at line 1
Query string: SELECT name, value FROM [db]settings

2015-06-19T06:13:12-07:00
Script name: /luxcal323-calendar/rssfeed.php
MySQL error: You have an error in your SQL syntax; check the manual that corresponds to your MySQL server version for the right syntax to use near '/_settings' at line 1
Query string: SELECT name, value FROM [db]settings

2015-06-21T06:55:29-07:00
Script name: /luxcal323-calendar/rssfeed.php
MySQL error: You have an error in your SQL syntax; check the manual that corresponds to your MySQL server version for the right syntax to use near '/_settings' at line 1
Query string: SELECT name, value FROM [db]settings

2015-06-21T15:40:57-07:00
Script name: /luxcal323-calendar/rssfeed.php
MySQL error: You have an error in your SQL syntax; check the manual that corresponds to your MySQL server version for the right syntax to use near ''_settings' at line 1
Query string: SELECT name, value FROM [db]settings

2015-06-21T15:40:58-07:00
Script name: /luxcal323-calendar/rssfeed.php
MySQL error: You have an error in your SQL syntax; check the manual that corresponds to your MySQL server version for the right syntax to use near 'and/*!and*/1=1_settings' at line 1
Query string: SELECT name, value FROM [db]settings

2015-06-21T15:40:58-07:00
Script name: /luxcal323-calendar/rssfeed.php
MySQL error: You have an error in your SQL syntax; check the manual that corresponds to your MySQL server version for the right syntax to use near 'and*/1=2_settings' at line 1
Query string: SELECT name, value FROM [db]settings

2015-06-21T15:40:58-07:00
Script name: /luxcal323-calendar/rssfeed.php
MySQL error: You have an error in your SQL syntax; check the manual that corresponds to your MySQL server version for the right syntax to use near 'and 1=1_settings' at line 1
Query string: SELECT name, value FROM [db]settings

2015-06-21T15:40:58-07:00
Script name: /luxcal323-calendar/rssfeed.php
MySQL error: You have an error in your SQL syntax; check the manual that corresponds to your MySQL server version for the right syntax to use near '1=2_settings' at line 1
Query string: SELECT name, value FROM [db]settings

2015-06-21T15:40:59-07:00
Script name: /luxcal323-calendar/rssfeed.php
MySQL error: You have an error in your SQL syntax; check the manual that corresponds to your MySQL server version for the right syntax to use near 'or 1=1_settings' at line 1
Query string: SELECT name, value FROM [db]settings

2015-06-21T15:40:59-07:00
Script name: /luxcal323-calendar/rssfeed.php
MySQL error: You have an error in your SQL syntax; check the manual that corresponds to your MySQL server version for the right syntax to use near '1=2_settings' at line 1
Query string: SELECT name, value FROM [db]settings

2015-06-21T15:40:59-07:00
Script name: /luxcal323-calendar/rssfeed.php
MySQL error: You have an error in your SQL syntax; check the manual that corresponds to your MySQL server version for the right syntax to use near '-1_settings' at line 1
Query string: SELECT name, value FROM [db]settings

2015-06-21T15:40:59-07:00
Script name: /luxcal323-calendar/rssfeed.php
MySQL error: You have an error in your SQL syntax; check the manual that corresponds to your MySQL server version for the right syntax to use near '-0_settings' at line 1
Query string: SELECT name, value FROM [db]settings

2015-06-21T15:40:59-07:00
Script name: /luxcal323-calendar/rssfeed.php
MySQL error: You have an error in your SQL syntax; check the manual that corresponds to your MySQL server version for the right syntax to use near 'and '1'='1'_settings' at line 1
Query string: SELECT name, value FROM [db]settings

2015-06-21T15:40:59-07:00
Script name: /luxcal323-calendar/rssfeed.php
MySQL error: You have an error in your SQL syntax; check the manual that corresponds to your MySQL server version for the right syntax to use near ''1'='2'_settings' at line 1
Query string: SELECT name, value FROM [db]settings

2015-06-21T15:40:59-07:00
Script name: /luxcal323-calendar/rssfeed.php
MySQL error: You have an error in your SQL syntax; check the manual that corresponds to your MySQL server version for the right syntax to use near 'And 1=1_settings' at line 1
Query string: SELECT name, value FROM [db]settings

2015-06-21T15:40:59-07:00
Script name: /luxcal323-calendar/rssfeed.php
MySQL error: You have an error in your SQL syntax; check the manual that corresponds to your MySQL server version for the right syntax to use near '1=2_settings' at line 1
Query string: SELECT name, value FROM [db]settings

2015-06-21T21:02:41-07:00
Script name: /luxcal323-calendar/rssfeed.php
MySQL error: You have an error in your SQL syntax; check the manual that corresponds to your MySQL server version for the right syntax to use near '/_settings' at line 1
Query string: SELECT name, value FROM [db]settings

2015-06-22T08:07:58-07:00
Script name: /luxcal323-calendar/rssfeed.php
MySQL error: You have an error in your SQL syntax; check the manual that corresponds to your MySQL server version for the right syntax to use near '/_settings' at line 1
Query string: SELECT name, value FROM [db]settings

2015-06-23T10:36:02-07:00
Script name: /luxcal323-calendar/rssfeed.php
MySQL error: You have an error in your SQL syntax; check the manual that corresponds to your MySQL server version for the right syntax to use near '/_settings' at line 1
Query string: SELECT name, value FROM [db]settings

2015-09-01T21:50:05-07:00
Script name: /luxcal323-calendar/rssfeed.php
MySQL error: You have an error in your SQL syntax; check the manual that corresponds to your MySQL server version for the right syntax to use near 'aND 2=2_settings' at line 1
Query string: SELECT name, value FROM [db]settings

2015-09-01T21:50:06-07:00
Script name: /luxcal323-calendar/rssfeed.php
MySQL error: You have an error in your SQL syntax; check the manual that corresponds to your MySQL server version for the right syntax to use near 'aND 2=3_settings' at line 1
Query string: SELECT name, value FROM [db]settings

2015-10-02T19:42:47-07:00
Script name: /luxcal323-calendar/rssfeed.php
MySQL error: Table 'lightofthedesertcalendar._settings' doesn't exist
Query string: SELECT name, value FROM [db]settings

2015-10-21T23:54:01-07:00
Script name: /luxcal323-calendar/rssfeed.php
MySQL error: You have an error in your SQL syntax; check the manual that corresponds to your MySQL server version for the right syntax to use near '/etc/passwd_settings' at line 1
Query string: SELECT name, value FROM [db]settings

2015-12-25T12:58:47-08:00
Script name: /luxcal323-calendar/rssfeed.php
MySQL error: Table 'lightofthedesertcalendar._settings' doesn't exist
Query string: SELECT name, value FROM [db]settings

2016-02-19T04:36:59-08:00
Script name: /luxcal323-calendar/rssfeed.php
MySQL error: Table 'lightofthedesertcalendar._settings' doesn't exist
Query string: SELECT name, value FROM [db]settings

